Using pre-set license
Built from '2020.2/release' branch; Version is '2020.2.1f1 (270dd8c3da1c) revision 2559448'; Using compiler version '192528614'; Build Type 'Release'
OS: 'Windows 10  (10.0.0) 64bit' Language: 'en' Physical Memory: 16334 MB
BatchMode: 1, IsHumanControllingUs: 0, StartBugReporterOnCrash: 0, Is64bit: 1, IsPro: 0

 COMMAND LINE ARGUMENTS:
C:\Program Files\Unity\Hub\Editor\2020.2.1f1\Editor\Unity.exe
-adb2
-batchMode
-noUpm
-name
AssetImportWorker0
-projectPath
C:/Users/Brandon/Documents/Unity Projects/bruhm
-logFile
Logs/AssetImportWorker0.log
-srvPort
58911
Successfully changed project path to: C:/Users/Brandon/Documents/Unity Projects/bruhm
C:/Users/Brandon/Documents/Unity Projects/bruhm
Using Asset Import Pipeline V2.
Refreshing native plugins compatible for Editor in 31.83 ms, found 1 plugins.
Preloading 0 native plugins for Editor in 0.00 ms.
Initialize engine version: 2020.2.1f1 (270dd8c3da1c)
[Subsystems] Discovering subsystems at path C:/Program Files/Unity/Hub/Editor/2020.2.1f1/Editor/Data/Resources/UnitySubsystems
[Subsystems] Discovering subsystems at path C:/Users/Brandon/Documents/Unity Projects/bruhm/Assets
GfxDevice: creating device client; threaded=0
Direct3D:
    Version:  Direct3D 11.0 [level 11.1]
    Renderer: Radeon RX 570 Series (ID=0x67df)
    Vendor:   
    VRAM:     8171 MB
    Driver:   27.20.14501.18003
Initialize mono
Mono path[0] = 'C:/Program Files/Unity/Hub/Editor/2020.2.1f1/Editor/Data/Managed'
Mono path[1] = 'C:/Program Files/Unity/Hub/Editor/2020.2.1f1/Editor/Data/MonoBleedingEdge/lib/mono/unityjit'
Mono config path = 'C:/Program Files/Unity/Hub/Editor/2020.2.1f1/Editor/Data/MonoBleedingEdge/etc'
Using monoOptions --debugger-agent=transport=dt_socket,embedding=1,server=y,suspend=n,address=127.0.0.1:56628
Begin MonoManager ReloadAssembly
Registering precompiled unity dll's ...
Register platform support module: C:/Program Files/Unity/Hub/Editor/2020.2.1f1/Editor/Data/PlaybackEngines/WindowsStandaloneSupport/UnityEditor.WindowsStandalone.Extensions.dll
Registered in 0.001636 seconds.
Native extension for WindowsStandalone target not found
Refreshing native plugins compatible for Editor in 31.27 ms, found 1 plugins.
Preloading 0 native plugins for Editor in 0.00 ms.
Invoked RoslynAnalysisRunner static constructor.
RoslynAnalysisRunner will not be running.
RoslynAnalysisRunner has terminated.
Mono: successfully reloaded assembly
- Completed reload, in  0.879 seconds
Platform modules already initialized, skipping
Registering precompiled user dll's ...
Registered in 0.000748 seconds.
Begin MonoManager ReloadAssembly
Native extension for WindowsStandalone target not found
Refreshing native plugins compatible for Editor in 36.12 ms, found 1 plugins.
Preloading 0 native plugins for Editor in 0.00 ms.
Invoked RoslynAnalysisRunner static constructor.
RoslynAnalysisRunner will not be running.
RoslynAnalysisRunner has terminated.
Mono: successfully reloaded assembly
- Completed reload, in  0.763 seconds
Platform modules already initialized, skipping
========================================================================
Worker process is ready to serve import requests
Launched and connected shader compiler UnityShaderCompiler.exe after 0.02 seconds
Refreshing native plugins compatible for Editor in 0.37 ms, found 1 plugins.
Preloading 0 native plugins for Editor in 0.00 ms.
Unloading 1774 Unused Serialized files (Serialized files now loaded: 0)
System memory in use before: 83.2 MB.
System memory in use after: 83.3 MB.

Unloading 19 unused Assets to reduce memory usage. Loaded Objects now: 2219.
Total: 1.931000 ms (FindLiveObjects: 0.239700 ms CreateObjectMapping: 0.091000 ms MarkObjects: 1.552300 ms  DeleteObjects: 0.046900 ms)

========================================================================
Received Import Request.
  path: Assets/Prefabs/ballPrefabAsset.prefab
  artifactKey: Guid(712e23b9aeaae3f48b75fd23fdf81834) Importer(815301076,1909f56bfc062723c751e8b465ee728b)
Start importing Assets/Prefabs/ballPrefabAsset.prefab using Guid(712e23b9aeaae3f48b75fd23fdf81834) Importer(815301076,1909f56bfc062723c751e8b465ee728b)  -> (artifact id: 'a53aeceb447f4ffe774189a88da1b59f') in 0.088456 seconds
  Import took 0.091082 seconds .

========================================================================
Received Import Request.
  Time since last request: 0.000175 seconds.
  path: Assets/Prefabs/batPrefabAsset.prefab
  artifactKey: Guid(b3f89e09d3bdfe044bff2a536e9d0a4a) Importer(815301076,1909f56bfc062723c751e8b465ee728b)
Start importing Assets/Prefabs/batPrefabAsset.prefab using Guid(b3f89e09d3bdfe044bff2a536e9d0a4a) Importer(815301076,1909f56bfc062723c751e8b465ee728b)  -> (artifact id: 'fca2952ed66aa7f854c2c3a92d2b81e5') in 0.017866 seconds
  Import took 0.020239 seconds .

========================================================================
Received Import Request.
  Time since last request: 0.000213 seconds.
  path: Assets/Prefabs/brickPrefabAsset.prefab
  artifactKey: Guid(f04ede831ba8dd7498103658974afb4f) Importer(815301076,1909f56bfc062723c751e8b465ee728b)
Start importing Assets/Prefabs/brickPrefabAsset.prefab using Guid(f04ede831ba8dd7498103658974afb4f) Importer(815301076,1909f56bfc062723c751e8b465ee728b)  -> (artifact id: '1b0b5e2b8d4360dc0a3359bd89e2e5d8') in 0.014355 seconds
  Import took 0.017093 seconds .

========================================================================
Received Import Request.
  Time since last request: 0.000179 seconds.
  path: Assets/Prefabs/batPrefabAsset.prefab
  artifactKey: Guid(b3f89e09d3bdfe044bff2a536e9d0a4a) Importer(815301076,1909f56bfc062723c751e8b465ee728b)
Start importing Assets/Prefabs/batPrefabAsset.prefab using Guid(b3f89e09d3bdfe044bff2a536e9d0a4a) Importer(815301076,1909f56bfc062723c751e8b465ee728b)  -> (artifact id: 'fca2952ed66aa7f854c2c3a92d2b81e5') in 0.007994 seconds
  Import took 0.010367 seconds .

========================================================================
Received Import Request.
  Time since last request: 0.000193 seconds.
  path: Assets/Physics/BallPhysics.physicsMaterial2D
  artifactKey: Guid(72ad697cbc9d1ca4da48123539431470) Importer(815301076,1909f56bfc062723c751e8b465ee728b)
Start importing Assets/Physics/BallPhysics.physicsMaterial2D using Guid(72ad697cbc9d1ca4da48123539431470) Importer(815301076,1909f56bfc062723c751e8b465ee728b)  -> (artifact id: 'e778ae7abc974ddcba190d20333bc348') in 0.007478 seconds
  Import took 0.010191 seconds .

AssetImportWorkerClient::OnTransportError - code=2 error=End of file
