Using pre-set license
Built from '2020.2/release' branch; Version is '2020.2.1f1 (270dd8c3da1c) revision 2559448'; Using compiler version '192528614'; Build Type 'Release'
OS: 'Windows 10  (10.0.0) 64bit' Language: 'en' Physical Memory: 16334 MB
BatchMode: 1, IsHumanControllingUs: 0, StartBugReporterOnCrash: 0, Is64bit: 1, IsPro: 0

 COMMAND LINE ARGUMENTS:
C:\Program Files\Unity\Hub\Editor\2020.2.1f1\Editor\Unity.exe
-adb2
-batchMode
-noUpm
-name
AssetImportWorker0
-projectPath
C:/Users/Brandon/Documents/Unity Projects/PingPong
-logFile
Logs/AssetImportWorker0.log
-srvPort
59172
Successfully changed project path to: C:/Users/Brandon/Documents/Unity Projects/PingPong
C:/Users/Brandon/Documents/Unity Projects/PingPong
Using Asset Import Pipeline V2.
Refreshing native plugins compatible for Editor in 32.21 ms, found 1 plugins.
Preloading 0 native plugins for Editor in 0.00 ms.
Initialize engine version: 2020.2.1f1 (270dd8c3da1c)
[Subsystems] Discovering subsystems at path C:/Program Files/Unity/Hub/Editor/2020.2.1f1/Editor/Data/Resources/UnitySubsystems
[Subsystems] Discovering subsystems at path C:/Users/Brandon/Documents/Unity Projects/PingPong/Assets
GfxDevice: creating device client; threaded=0
Direct3D:
    Version:  Direct3D 11.0 [level 11.1]
    Renderer: Radeon RX 570 Series (ID=0x67df)
    Vendor:   
    VRAM:     8171 MB
    Driver:   27.20.14501.18003
Initialize mono
Mono path[0] = 'C:/Program Files/Unity/Hub/Editor/2020.2.1f1/Editor/Data/Managed'
Mono path[1] = 'C:/Program Files/Unity/Hub/Editor/2020.2.1f1/Editor/Data/MonoBleedingEdge/lib/mono/unityjit'
Mono config path = 'C:/Program Files/Unity/Hub/Editor/2020.2.1f1/Editor/Data/MonoBleedingEdge/etc'
Using monoOptions --debugger-agent=transport=dt_socket,embedding=1,server=y,suspend=n,address=127.0.0.1:56764
Begin MonoManager ReloadAssembly
Registering precompiled unity dll's ...
Register platform support module: C:/Program Files/Unity/Hub/Editor/2020.2.1f1/Editor/Data/PlaybackEngines/WindowsStandaloneSupport/UnityEditor.WindowsStandalone.Extensions.dll
Registered in 0.001519 seconds.
Native extension for WindowsStandalone target not found
Refreshing native plugins compatible for Editor in 31.28 ms, found 1 plugins.
Preloading 0 native plugins for Editor in 0.00 ms.
Invoked RoslynAnalysisRunner static constructor.
RoslynAnalysisRunner will not be running.
RoslynAnalysisRunner has terminated.
Mono: successfully reloaded assembly
- Completed reload, in  0.906 seconds
Platform modules already initialized, skipping
Registering precompiled user dll's ...
Registered in 0.000668 seconds.
Begin MonoManager ReloadAssembly
Native extension for WindowsStandalone target not found
Refreshing native plugins compatible for Editor in 31.88 ms, found 1 plugins.
Preloading 0 native plugins for Editor in 0.00 ms.
Invoked RoslynAnalysisRunner static constructor.
RoslynAnalysisRunner will not be running.
RoslynAnalysisRunner has terminated.
Mono: successfully reloaded assembly
- Completed reload, in  0.758 seconds
Platform modules already initialized, skipping
========================================================================
Worker process is ready to serve import requests
Launched and connected shader compiler UnityShaderCompiler.exe after 0.03 seconds
Refreshing native plugins compatible for Editor in 0.32 ms, found 1 plugins.
Preloading 0 native plugins for Editor in 0.00 ms.
Unloading 1772 Unused Serialized files (Serialized files now loaded: 0)
System memory in use before: 83.1 MB.
System memory in use after: 83.2 MB.

Unloading 19 unused Assets to reduce memory usage. Loaded Objects now: 2216.
Total: 1.868100 ms (FindLiveObjects: 0.274800 ms CreateObjectMapping: 0.039000 ms MarkObjects: 1.508000 ms  DeleteObjects: 0.045400 ms)

========================================================================
Received Import Request.
  path: Assets/Scripts/BallScript.cs
  artifactKey: Guid(708768f32830991479611118c50316b6) Importer(815301076,1909f56bfc062723c751e8b465ee728b)
Start importing Assets/Scripts/BallScript.cs using Guid(708768f32830991479611118c50316b6) Importer(815301076,1909f56bfc062723c751e8b465ee728b)  -> (artifact id: 'c81c3e871fd71e0af374765885c3cd86') in 0.023356 seconds
  Import took 0.026223 seconds .

========================================================================
Received Import Request.
  Time since last request: 57.851610 seconds.
  path: Assets/Scripts/BallScript.cs
  artifactKey: Guid(708768f32830991479611118c50316b6) Importer(815301076,1909f56bfc062723c751e8b465ee728b)
Start importing Assets/Scripts/BallScript.cs using Guid(708768f32830991479611118c50316b6) Importer(815301076,1909f56bfc062723c751e8b465ee728b)  -> (artifact id: 'f76853b42c0387cddba7671183482822') in 0.002612 seconds
  Import took 0.005603 seconds .

========================================================================
Received Import Request.
  Time since last request: 2.902402 seconds.
  path: Assets/Scripts/BallScript.cs
  artifactKey: Guid(708768f32830991479611118c50316b6) Importer(815301076,1909f56bfc062723c751e8b465ee728b)
Start importing Assets/Scripts/BallScript.cs using Guid(708768f32830991479611118c50316b6) Importer(815301076,1909f56bfc062723c751e8b465ee728b)  -> (artifact id: '2d4478d056afc715bb54223913ed2026') in 0.002788 seconds
  Import took 0.006605 seconds .

========================================================================
Received Import Request.
  Time since last request: 92.231244 seconds.
  path: Assets/Scripts/BallScript.cs
  artifactKey: Guid(708768f32830991479611118c50316b6) Importer(815301076,1909f56bfc062723c751e8b465ee728b)
Start importing Assets/Scripts/BallScript.cs using Guid(708768f32830991479611118c50316b6) Importer(815301076,1909f56bfc062723c751e8b465ee728b)  -> (artifact id: '22a4524669164d614694343d927bb611') in 0.002590 seconds
  Import took 0.005772 seconds .

========================================================================
Received Import Request.
  Time since last request: 26.632198 seconds.
  path: Assets/Scripts/BallScript.cs
  artifactKey: Guid(708768f32830991479611118c50316b6) Importer(815301076,1909f56bfc062723c751e8b465ee728b)
Start importing Assets/Scripts/BallScript.cs using Guid(708768f32830991479611118c50316b6) Importer(815301076,1909f56bfc062723c751e8b465ee728b)  -> (artifact id: 'e21221ee632fbb13041482b38af8a121') in 0.002315 seconds
  Import took 0.005350 seconds .

========================================================================
Received Import Request.
  Time since last request: 8.074565 seconds.
  path: Assets/Scripts/BallScript.cs
  artifactKey: Guid(708768f32830991479611118c50316b6) Importer(815301076,1909f56bfc062723c751e8b465ee728b)
Start importing Assets/Scripts/BallScript.cs using Guid(708768f32830991479611118c50316b6) Importer(815301076,1909f56bfc062723c751e8b465ee728b)  -> (artifact id: 'e957360af0f418cc812f73af159ab881') in 0.002553 seconds
  Import took 0.005824 seconds .

========================================================================
Received Import Request.
  Time since last request: 7.226393 seconds.
  path: Assets/Scripts/BallScript.cs
  artifactKey: Guid(708768f32830991479611118c50316b6) Importer(815301076,1909f56bfc062723c751e8b465ee728b)
Start importing Assets/Scripts/BallScript.cs using Guid(708768f32830991479611118c50316b6) Importer(815301076,1909f56bfc062723c751e8b465ee728b)  -> (artifact id: 'fbc55967776b4c6c9332b53e31b07251') in 0.002605 seconds
  Import took 0.005711 seconds .

========================================================================
Received Import Request.
  Time since last request: 6.009157 seconds.
  path: Assets/Scripts/BallScript.cs
  artifactKey: Guid(708768f32830991479611118c50316b6) Importer(815301076,1909f56bfc062723c751e8b465ee728b)
Start importing Assets/Scripts/BallScript.cs using Guid(708768f32830991479611118c50316b6) Importer(815301076,1909f56bfc062723c751e8b465ee728b)  -> (artifact id: '219d5bd25327154f55b879a999a9d915') in 0.002698 seconds
  Import took 0.005361 seconds .

========================================================================
Received Import Request.
  Time since last request: 18.491024 seconds.
  path: Assets/Scripts/BallScript.cs
  artifactKey: Guid(708768f32830991479611118c50316b6) Importer(815301076,1909f56bfc062723c751e8b465ee728b)
Start importing Assets/Scripts/BallScript.cs using Guid(708768f32830991479611118c50316b6) Importer(815301076,1909f56bfc062723c751e8b465ee728b)  -> (artifact id: 'cbb739380d76a03c672f0a77b8902221') in 0.002496 seconds
  Import took 0.005248 seconds .

========================================================================
Received Import Request.
  Time since last request: 3.228779 seconds.
  path: Assets/Scripts/BallScript.cs
  artifactKey: Guid(708768f32830991479611118c50316b6) Importer(815301076,1909f56bfc062723c751e8b465ee728b)
Start importing Assets/Scripts/BallScript.cs using Guid(708768f32830991479611118c50316b6) Importer(815301076,1909f56bfc062723c751e8b465ee728b)  -> (artifact id: 'ea7020f8a118a8a2af886a4e5e73a456') in 0.002354 seconds
  Import took 0.005050 seconds .

========================================================================
Received Import Request.
  Time since last request: 5.254900 seconds.
  path: Assets/Scripts/BallScript.cs
  artifactKey: Guid(708768f32830991479611118c50316b6) Importer(815301076,1909f56bfc062723c751e8b465ee728b)
Start importing Assets/Scripts/BallScript.cs using Guid(708768f32830991479611118c50316b6) Importer(815301076,1909f56bfc062723c751e8b465ee728b)  -> (artifact id: '202a4ee5ce9127d948a0069de06dbc7f') in 0.002358 seconds
  Import took 0.005384 seconds .

========================================================================
Received Prepare
Registering precompiled user dll's ...
Registered in 0.000639 seconds.
Begin MonoManager ReloadAssembly
Native extension for WindowsStandalone target not found
Refreshing native plugins compatible for Editor in 0.34 ms, found 1 plugins.
Preloading 0 native plugins for Editor in 0.00 ms.
Invoked RoslynAnalysisRunner static constructor.
RoslynAnalysisRunner will not be running.
RoslynAnalysisRunner has terminated.
Mono: successfully reloaded assembly
- Completed reload, in  0.694 seconds
Platform modules already initialized, skipping
Refreshing native plugins compatible for Editor in 0.17 ms, found 1 plugins.
Preloading 0 native plugins for Editor in 0.00 ms.
Unloading 1762 Unused Serialized files (Serialized files now loaded: 0)
System memory in use before: 82.8 MB.
System memory in use after: 82.9 MB.

Unloading 8 unused Assets to reduce memory usage. Loaded Objects now: 2218.
Total: 1.622200 ms (FindLiveObjects: 0.167500 ms CreateObjectMapping: 0.035300 ms MarkObjects: 1.408100 ms  DeleteObjects: 0.010300 ms)

========================================================================
Received Prepare
Registering precompiled user dll's ...
Registered in 0.000638 seconds.
Begin MonoManager ReloadAssembly
Native extension for WindowsStandalone target not found
Refreshing native plugins compatible for Editor in 0.35 ms, found 1 plugins.
Preloading 0 native plugins for Editor in 0.00 ms.
Invoked RoslynAnalysisRunner static constructor.
RoslynAnalysisRunner will not be running.
RoslynAnalysisRunner has terminated.
Mono: successfully reloaded assembly
- Completed reload, in  0.694 seconds
Platform modules already initialized, skipping
Refreshing native plugins compatible for Editor in 0.18 ms, found 1 plugins.
Preloading 0 native plugins for Editor in 0.00 ms.
Unloading 1762 Unused Serialized files (Serialized files now loaded: 0)
System memory in use before: 83.0 MB.
System memory in use after: 83.1 MB.

Unloading 8 unused Assets to reduce memory usage. Loaded Objects now: 2220.
Total: 1.584500 ms (FindLiveObjects: 0.187500 ms CreateObjectMapping: 0.039400 ms MarkObjects: 1.345500 ms  DeleteObjects: 0.010900 ms)

========================================================================
Received Prepare
Registering precompiled user dll's ...
Registered in 0.000814 seconds.
Begin MonoManager ReloadAssembly
Native extension for WindowsStandalone target not found
Refreshing native plugins compatible for Editor in 0.33 ms, found 1 plugins.
Preloading 0 native plugins for Editor in 0.00 ms.
Invoked RoslynAnalysisRunner static constructor.
RoslynAnalysisRunner will not be running.
RoslynAnalysisRunner has terminated.
Mono: successfully reloaded assembly
- Completed reload, in  0.684 seconds
Platform modules already initialized, skipping
Refreshing native plugins compatible for Editor in 0.18 ms, found 1 plugins.
Preloading 0 native plugins for Editor in 0.00 ms.
Unloading 1762 Unused Serialized files (Serialized files now loaded: 0)
System memory in use before: 83.1 MB.
System memory in use after: 83.2 MB.

Unloading 8 unused Assets to reduce memory usage. Loaded Objects now: 2222.
Total: 1.704900 ms (FindLiveObjects: 0.205700 ms CreateObjectMapping: 0.039100 ms MarkObjects: 1.447200 ms  DeleteObjects: 0.011900 ms)

========================================================================
Received Import Request.
  Time since last request: 431.525883 seconds.
  path: Assets/Scripts/BallScript.cs
  artifactKey: Guid(708768f32830991479611118c50316b6) Importer(815301076,1909f56bfc062723c751e8b465ee728b)
Start importing Assets/Scripts/BallScript.cs using Guid(708768f32830991479611118c50316b6) Importer(815301076,1909f56bfc062723c751e8b465ee728b)  -> (artifact id: 'c301a5766ae027160cb8cea268f60078') in 0.007648 seconds
  Import took 0.013740 seconds .

========================================================================
Received Import Request.
  Time since last request: 0.025375 seconds.
  path: Assets/Scripts/BallScript.cs
  artifactKey: Guid(708768f32830991479611118c50316b6) Importer(815301076,1909f56bfc062723c751e8b465ee728b)
Start importing Assets/Scripts/BallScript.cs using Guid(708768f32830991479611118c50316b6) Importer(815301076,1909f56bfc062723c751e8b465ee728b)  -> (artifact id: 'c301a5766ae027160cb8cea268f60078') in 0.002612 seconds
  Import took 0.005014 seconds .

========================================================================
Received Prepare
Registering precompiled user dll's ...
Registered in 0.000636 seconds.
Begin MonoManager ReloadAssembly
Native extension for WindowsStandalone target not found
Refreshing native plugins compatible for Editor in 0.33 ms, found 1 plugins.
Preloading 0 native plugins for Editor in 0.00 ms.
Invoked RoslynAnalysisRunner static constructor.
RoslynAnalysisRunner will not be running.
RoslynAnalysisRunner has terminated.
Mono: successfully reloaded assembly
- Completed reload, in  0.681 seconds
Platform modules already initialized, skipping
Refreshing native plugins compatible for Editor in 0.17 ms, found 1 plugins.
Preloading 0 native plugins for Editor in 0.00 ms.
Unloading 1762 Unused Serialized files (Serialized files now loaded: 0)
System memory in use before: 83.1 MB.
System memory in use after: 83.3 MB.

Unloading 8 unused Assets to reduce memory usage. Loaded Objects now: 2224.
Total: 1.565100 ms (FindLiveObjects: 0.160600 ms CreateObjectMapping: 0.038800 ms MarkObjects: 1.352900 ms  DeleteObjects: 0.012100 ms)

========================================================================
Received Prepare
Registering precompiled user dll's ...
Registered in 0.000709 seconds.
Begin MonoManager ReloadAssembly
Native extension for WindowsStandalone target not found
Refreshing native plugins compatible for Editor in 0.33 ms, found 1 plugins.
Preloading 0 native plugins for Editor in 0.00 ms.
Invoked RoslynAnalysisRunner static constructor.
RoslynAnalysisRunner will not be running.
RoslynAnalysisRunner has terminated.
Mono: successfully reloaded assembly
- Completed reload, in  0.680 seconds
Platform modules already initialized, skipping
Refreshing native plugins compatible for Editor in 0.30 ms, found 1 plugins.
Preloading 0 native plugins for Editor in 0.00 ms.
Unloading 1762 Unused Serialized files (Serialized files now loaded: 0)
System memory in use before: 83.2 MB.
System memory in use after: 83.3 MB.

Unloading 8 unused Assets to reduce memory usage. Loaded Objects now: 2226.
Total: 1.561300 ms (FindLiveObjects: 0.152400 ms CreateObjectMapping: 0.040400 ms MarkObjects: 1.356600 ms  DeleteObjects: 0.011200 ms)

========================================================================
Received Import Request.
  Time since last request: 63.696854 seconds.
  path: Assets/Scripts/BallScript.cs
  artifactKey: Guid(708768f32830991479611118c50316b6) Importer(815301076,1909f56bfc062723c751e8b465ee728b)
Start importing Assets/Scripts/BallScript.cs using Guid(708768f32830991479611118c50316b6) Importer(815301076,1909f56bfc062723c751e8b465ee728b)  -> (artifact id: 'ac7684fd6b000187cb842d000ef67c7f') in 0.005059 seconds
  Import took 0.011263 seconds .

========================================================================
Received Prepare
Registering precompiled user dll's ...
Registered in 0.000672 seconds.
Begin MonoManager ReloadAssembly
Native extension for WindowsStandalone target not found
Refreshing native plugins compatible for Editor in 0.32 ms, found 1 plugins.
Preloading 0 native plugins for Editor in 0.00 ms.
Invoked RoslynAnalysisRunner static constructor.
RoslynAnalysisRunner will not be running.
RoslynAnalysisRunner has terminated.
Mono: successfully reloaded assembly
- Completed reload, in  0.693 seconds
Platform modules already initialized, skipping
Refreshing native plugins compatible for Editor in 0.21 ms, found 1 plugins.
Preloading 0 native plugins for Editor in 0.00 ms.
Unloading 1762 Unused Serialized files (Serialized files now loaded: 0)
System memory in use before: 83.3 MB.
System memory in use after: 83.4 MB.

Unloading 8 unused Assets to reduce memory usage. Loaded Objects now: 2228.
Total: 1.560200 ms (FindLiveObjects: 0.184800 ms CreateObjectMapping: 0.037000 ms MarkObjects: 1.326000 ms  DeleteObjects: 0.011700 ms)

========================================================================
Received Import Request.
  Time since last request: 38.044663 seconds.
  path: Assets/Scripts/BallScript.cs
  artifactKey: Guid(708768f32830991479611118c50316b6) Importer(815301076,1909f56bfc062723c751e8b465ee728b)
Start importing Assets/Scripts/BallScript.cs using Guid(708768f32830991479611118c50316b6) Importer(815301076,1909f56bfc062723c751e8b465ee728b)  -> (artifact id: '8bcde65fc903473cc1ae98ffd6fd373f') in 0.004701 seconds
  Import took 0.011118 seconds .

========================================================================
Received Prepare
Registering precompiled user dll's ...
Registered in 0.000663 seconds.
Begin MonoManager ReloadAssembly
Native extension for WindowsStandalone target not found
Refreshing native plugins compatible for Editor in 0.33 ms, found 1 plugins.
Preloading 0 native plugins for Editor in 0.00 ms.
Invoked RoslynAnalysisRunner static constructor.
RoslynAnalysisRunner will not be running.
RoslynAnalysisRunner has terminated.
Mono: successfully reloaded assembly
- Completed reload, in  0.684 seconds
Platform modules already initialized, skipping
Refreshing native plugins compatible for Editor in 0.26 ms, found 1 plugins.
Preloading 0 native plugins for Editor in 0.00 ms.
Unloading 1762 Unused Serialized files (Serialized files now loaded: 0)
System memory in use before: 83.4 MB.
System memory in use after: 83.5 MB.

Unloading 8 unused Assets to reduce memory usage. Loaded Objects now: 2230.
Total: 1.622300 ms (FindLiveObjects: 0.173400 ms CreateObjectMapping: 0.039200 ms MarkObjects: 1.395900 ms  DeleteObjects: 0.012800 ms)

========================================================================
Received Prepare
Registering precompiled user dll's ...
Registered in 0.000644 seconds.
Begin MonoManager ReloadAssembly
Native extension for WindowsStandalone target not found
Refreshing native plugins compatible for Editor in 0.33 ms, found 1 plugins.
Preloading 0 native plugins for Editor in 0.00 ms.
Invoked RoslynAnalysisRunner static constructor.
RoslynAnalysisRunner will not be running.
RoslynAnalysisRunner has terminated.
Mono: successfully reloaded assembly
- Completed reload, in  0.680 seconds
Platform modules already initialized, skipping
Refreshing native plugins compatible for Editor in 0.21 ms, found 1 plugins.
Preloading 0 native plugins for Editor in 0.00 ms.
Unloading 1762 Unused Serialized files (Serialized files now loaded: 0)
System memory in use before: 83.5 MB.
System memory in use after: 83.6 MB.

Unloading 8 unused Assets to reduce memory usage. Loaded Objects now: 2232.
Total: 1.604500 ms (FindLiveObjects: 0.184800 ms CreateObjectMapping: 0.037700 ms MarkObjects: 1.368000 ms  DeleteObjects: 0.012400 ms)

========================================================================
Received Prepare
Registering precompiled user dll's ...
Registered in 0.000707 seconds.
Begin MonoManager ReloadAssembly
Native extension for WindowsStandalone target not found
Refreshing native plugins compatible for Editor in 0.34 ms, found 1 plugins.
Preloading 0 native plugins for Editor in 0.00 ms.
Invoked RoslynAnalysisRunner static constructor.
RoslynAnalysisRunner will not be running.
RoslynAnalysisRunner has terminated.
Mono: successfully reloaded assembly
- Completed reload, in  0.671 seconds
Platform modules already initialized, skipping
Refreshing native plugins compatible for Editor in 0.17 ms, found 1 plugins.
Preloading 0 native plugins for Editor in 0.00 ms.
Unloading 1762 Unused Serialized files (Serialized files now loaded: 0)
System memory in use before: 83.6 MB.
System memory in use after: 83.7 MB.

Unloading 8 unused Assets to reduce memory usage. Loaded Objects now: 2234.
Total: 1.560500 ms (FindLiveObjects: 0.154000 ms CreateObjectMapping: 0.037500 ms MarkObjects: 1.357000 ms  DeleteObjects: 0.011100 ms)

========================================================================
Received Prepare
Registering precompiled user dll's ...
Registered in 0.000636 seconds.
Begin MonoManager ReloadAssembly
Native extension for WindowsStandalone target not found
Refreshing native plugins compatible for Editor in 0.34 ms, found 1 plugins.
Preloading 0 native plugins for Editor in 0.00 ms.
Invoked RoslynAnalysisRunner static constructor.
RoslynAnalysisRunner will not be running.
RoslynAnalysisRunner has terminated.
Mono: successfully reloaded assembly
- Completed reload, in  0.683 seconds
Platform modules already initialized, skipping
Refreshing native plugins compatible for Editor in 0.21 ms, found 1 plugins.
Preloading 0 native plugins for Editor in 0.00 ms.
Unloading 1762 Unused Serialized files (Serialized files now loaded: 0)
System memory in use before: 83.6 MB.
System memory in use after: 83.8 MB.

Unloading 8 unused Assets to reduce memory usage. Loaded Objects now: 2236.
Total: 1.572300 ms (FindLiveObjects: 0.184800 ms CreateObjectMapping: 0.036700 ms MarkObjects: 1.339500 ms  DeleteObjects: 0.010600 ms)

========================================================================
Received Import Request.
  Time since last request: 285.455504 seconds.
  path: Assets/Scripts/BallScript.cs
  artifactKey: Guid(708768f32830991479611118c50316b6) Importer(815301076,1909f56bfc062723c751e8b465ee728b)
Start importing Assets/Scripts/BallScript.cs using Guid(708768f32830991479611118c50316b6) Importer(815301076,1909f56bfc062723c751e8b465ee728b)  -> (artifact id: '3912ba3d82009811e1fb3a5289b2d487') in 0.005017 seconds
  Import took 0.011189 seconds .

========================================================================
Received Prepare
Registering precompiled user dll's ...
Registered in 0.000698 seconds.
Begin MonoManager ReloadAssembly
Native extension for WindowsStandalone target not found
Refreshing native plugins compatible for Editor in 0.33 ms, found 1 plugins.
Preloading 0 native plugins for Editor in 0.00 ms.
Invoked RoslynAnalysisRunner static constructor.
RoslynAnalysisRunner will not be running.
RoslynAnalysisRunner has terminated.
Mono: successfully reloaded assembly
- Completed reload, in  0.681 seconds
Platform modules already initialized, skipping
Refreshing native plugins compatible for Editor in 0.19 ms, found 1 plugins.
Preloading 0 native plugins for Editor in 0.00 ms.
Unloading 1762 Unused Serialized files (Serialized files now loaded: 0)
System memory in use before: 83.7 MB.
System memory in use after: 83.8 MB.

Unloading 8 unused Assets to reduce memory usage. Loaded Objects now: 2238.
Total: 1.603600 ms (FindLiveObjects: 0.170800 ms CreateObjectMapping: 0.039600 ms MarkObjects: 1.380700 ms  DeleteObjects: 0.011800 ms)

========================================================================
Received Import Request.
  Time since last request: 72.151840 seconds.
  path: Assets/Scripts/BallScript.cs
  artifactKey: Guid(708768f32830991479611118c50316b6) Importer(815301076,1909f56bfc062723c751e8b465ee728b)
Start importing Assets/Scripts/BallScript.cs using Guid(708768f32830991479611118c50316b6) Importer(815301076,1909f56bfc062723c751e8b465ee728b)  -> (artifact id: '7f20986b1fa9d1ef8c8e559ccc978d63') in 0.004817 seconds
  Import took 0.011177 seconds .

========================================================================
Received Import Request.
  Time since last request: 0.027473 seconds.
  path: Assets/Scripts/BallScript.cs
  artifactKey: Guid(708768f32830991479611118c50316b6) Importer(815301076,1909f56bfc062723c751e8b465ee728b)
Start importing Assets/Scripts/BallScript.cs using Guid(708768f32830991479611118c50316b6) Importer(815301076,1909f56bfc062723c751e8b465ee728b)  -> (artifact id: '7f20986b1fa9d1ef8c8e559ccc978d63') in 0.002593 seconds
  Import took 0.004728 seconds .

========================================================================
Received Prepare
Registering precompiled user dll's ...
Registered in 0.000936 seconds.
Begin MonoManager ReloadAssembly
Native extension for WindowsStandalone target not found
Refreshing native plugins compatible for Editor in 0.33 ms, found 1 plugins.
Preloading 0 native plugins for Editor in 0.00 ms.
Invoked RoslynAnalysisRunner static constructor.
RoslynAnalysisRunner will not be running.
RoslynAnalysisRunner has terminated.
Mono: successfully reloaded assembly
- Completed reload, in  0.689 seconds
Platform modules already initialized, skipping
Refreshing native plugins compatible for Editor in 0.18 ms, found 1 plugins.
Preloading 0 native plugins for Editor in 0.00 ms.
Unloading 1762 Unused Serialized files (Serialized files now loaded: 0)
System memory in use before: 83.8 MB.
System memory in use after: 83.9 MB.

Unloading 8 unused Assets to reduce memory usage. Loaded Objects now: 2240.
Total: 1.571100 ms (FindLiveObjects: 0.161400 ms CreateObjectMapping: 0.037200 ms MarkObjects: 1.360100 ms  DeleteObjects: 0.011300 ms)

========================================================================
Received Import Request.
  Time since last request: 103.289254 seconds.
  path: Assets/Scripts/BallScript.cs
  artifactKey: Guid(708768f32830991479611118c50316b6) Importer(815301076,1909f56bfc062723c751e8b465ee728b)
Start importing Assets/Scripts/BallScript.cs using Guid(708768f32830991479611118c50316b6) Importer(815301076,1909f56bfc062723c751e8b465ee728b)  -> (artifact id: '3756b86ca3137cf58aca6b869d8836da') in 0.004463 seconds
  Import took 0.010031 seconds .

AssetImportWorkerClient::OnTransportError - code=2 error=End of file
