Using pre-set license
Built from '2020.2/release' branch; Version is '2020.2.1f1 (270dd8c3da1c) revision 2559448'; Using compiler version '192528614'; Build Type 'Release'
OS: 'Windows 10  (10.0.0) 64bit' Language: 'en' Physical Memory: 16334 MB
BatchMode: 1, IsHumanControllingUs: 0, StartBugReporterOnCrash: 0, Is64bit: 1, IsPro: 0

 COMMAND LINE ARGUMENTS:
C:\Program Files\Unity\Hub\Editor\2020.2.1f1\Editor\Unity.exe
-adb2
-batchMode
-noUpm
-name
AssetImportWorker0
-projectPath
C:/Users/Brandon/Documents/Unity Projects/Bruhkout
-logFile
Logs/AssetImportWorker0.log
-srvPort
49764
Successfully changed project path to: C:/Users/Brandon/Documents/Unity Projects/Bruhkout
C:/Users/Brandon/Documents/Unity Projects/Bruhkout
Using Asset Import Pipeline V2.
Refreshing native plugins compatible for Editor in 34.70 ms, found 1 plugins.
Preloading 0 native plugins for Editor in 0.00 ms.
Initialize engine version: 2020.2.1f1 (270dd8c3da1c)
[Subsystems] Discovering subsystems at path C:/Program Files/Unity/Hub/Editor/2020.2.1f1/Editor/Data/Resources/UnitySubsystems
[Subsystems] Discovering subsystems at path C:/Users/Brandon/Documents/Unity Projects/Bruhkout/Assets
GfxDevice: creating device client; threaded=0
Direct3D:
    Version:  Direct3D 11.0 [level 11.1]
    Renderer: Radeon RX 570 Series (ID=0x67df)
    Vendor:   
    VRAM:     8171 MB
    Driver:   27.20.14501.18003
Initialize mono
Mono path[0] = 'C:/Program Files/Unity/Hub/Editor/2020.2.1f1/Editor/Data/Managed'
Mono path[1] = 'C:/Program Files/Unity/Hub/Editor/2020.2.1f1/Editor/Data/MonoBleedingEdge/lib/mono/unityjit'
Mono config path = 'C:/Program Files/Unity/Hub/Editor/2020.2.1f1/Editor/Data/MonoBleedingEdge/etc'
Using monoOptions --debugger-agent=transport=dt_socket,embedding=1,server=y,suspend=n,address=127.0.0.1:56436
Begin MonoManager ReloadAssembly
Registering precompiled unity dll's ...
Register platform support module: C:/Program Files/Unity/Hub/Editor/2020.2.1f1/Editor/Data/PlaybackEngines/WindowsStandaloneSupport/UnityEditor.WindowsStandalone.Extensions.dll
Registered in 0.001771 seconds.
Native extension for WindowsStandalone target not found
Refreshing native plugins compatible for Editor in 35.01 ms, found 1 plugins.
Preloading 0 native plugins for Editor in 0.00 ms.
Invoked RoslynAnalysisRunner static constructor.
RoslynAnalysisRunner will not be running.
RoslynAnalysisRunner has terminated.
Mono: successfully reloaded assembly
- Completed reload, in  0.904 seconds
Platform modules already initialized, skipping
Registering precompiled user dll's ...
Registered in 0.000735 seconds.
Begin MonoManager ReloadAssembly
Native extension for WindowsStandalone target not found
Refreshing native plugins compatible for Editor in 35.66 ms, found 1 plugins.
Preloading 0 native plugins for Editor in 0.00 ms.
Invoked RoslynAnalysisRunner static constructor.
RoslynAnalysisRunner will not be running.
RoslynAnalysisRunner has terminated.
Mono: successfully reloaded assembly
- Completed reload, in  0.829 seconds
Platform modules already initialized, skipping
========================================================================
Worker process is ready to serve import requests
Launched and connected shader compiler UnityShaderCompiler.exe after 0.03 seconds
Refreshing native plugins compatible for Editor in 0.36 ms, found 1 plugins.
Preloading 0 native plugins for Editor in 0.00 ms.
Unloading 1773 Unused Serialized files (Serialized files now loaded: 0)
System memory in use before: 83.6 MB.
System memory in use after: 83.7 MB.

Unloading 19 unused Assets to reduce memory usage. Loaded Objects now: 2221.
Total: 1.799500 ms (FindLiveObjects: 0.248900 ms CreateObjectMapping: 0.044800 ms MarkObjects: 1.458100 ms  DeleteObjects: 0.046700 ms)

========================================================================
Received Import Request.
  path: Assets/Sprites/Block Broken 2.png
  artifactKey: Guid(bf0d8e0230553a847b4036e95cb189f2) Importer(815301076,1909f56bfc062723c751e8b465ee728b)
Start importing Assets/Sprites/Block Broken 2.png using Guid(bf0d8e0230553a847b4036e95cb189f2) Importer(815301076,1909f56bfc062723c751e8b465ee728b)  -> (artifact id: 'b1dee90fdaabe0394d2b2315c5f57985') in 0.121825 seconds
  Import took 0.124834 seconds .

========================================================================
Received Import Request.
  Time since last request: 0.000198 seconds.
  path: Assets/Sprites/ball.png
  artifactKey: Guid(16213d3d1f8ec624e91af34415a62e7d) Importer(815301076,1909f56bfc062723c751e8b465ee728b)
Start importing Assets/Sprites/ball.png using Guid(16213d3d1f8ec624e91af34415a62e7d) Importer(815301076,1909f56bfc062723c751e8b465ee728b)  -> (artifact id: '50cbf324cf4df552cca4ddaeb94fe64b') in 0.022012 seconds
  Import took 0.025401 seconds .

========================================================================
Received Import Request.
  Time since last request: 0.000172 seconds.
  path: Assets/Sprites/Block Square.png
  artifactKey: Guid(41ff3f74f4a01ae42bb316dc55a22f7e) Importer(815301076,1909f56bfc062723c751e8b465ee728b)
Start importing Assets/Sprites/Block Square.png using Guid(41ff3f74f4a01ae42bb316dc55a22f7e) Importer(815301076,1909f56bfc062723c751e8b465ee728b)  -> (artifact id: '72cc169581ee5d55cd4ea14e8568b484') in 0.018617 seconds
  Import took 0.021709 seconds .

========================================================================
Received Import Request.
  Time since last request: 0.000213 seconds.
  path: Assets/Sprites/Block Broken 1.png
  artifactKey: Guid(593603d95cc594a40b3390e68d10a628) Importer(815301076,1909f56bfc062723c751e8b465ee728b)
Start importing Assets/Sprites/Block Broken 1.png using Guid(593603d95cc594a40b3390e68d10a628) Importer(815301076,1909f56bfc062723c751e8b465ee728b)  -> (artifact id: '247232ce0d47cd295ff346b5b7409793') in 0.023745 seconds
  Import took 0.027492 seconds .

========================================================================
Received Import Request.
  Time since last request: 0.000322 seconds.
  path: Assets/Scenes/StartGame.unity
  artifactKey: Guid(64adf0e85b7f30149a9cef20b92d2bd5) Importer(815301076,1909f56bfc062723c751e8b465ee728b)
Start importing Assets/Scenes/StartGame.unity using Guid(64adf0e85b7f30149a9cef20b92d2bd5) Importer(815301076,1909f56bfc062723c751e8b465ee728b)  -> (artifact id: '20161ddd9336b48e2eb561856194c4c3') in 0.006199 seconds
  Import took 0.009527 seconds .

AssetImportWorkerClient::OnTransportError - code=2 error=End of file
